0 info it worked if it ends with ok
1 verbose cli [ '/usr/bin/node',
1 verbose cli   '/usr/bin/npm',
1 verbose cli   'install',
1 verbose cli   'jst_compiler',
1 verbose cli   '-g' ]
2 info using npm@3.5.2
3 info using node@v8.10.0
4 silly loadCurrentTree Starting
5 silly install loadCurrentTree
6 silly install readGlobalPackageData
7 silly fetchPackageMetaData jst_compiler
8 silly fetchNamedPackageData jst_compiler
9 silly mapToRegistry name jst_compiler
10 silly mapToRegistry using default registry
11 silly mapToRegistry registry https://registry.npmjs.org/
12 silly mapToRegistry uri https://registry.npmjs.org/jst_compiler
13 verbose request uri https://registry.npmjs.org/jst_compiler
14 verbose request no auth needed
15 info attempt registry request try #1 at 22:28:06
16 verbose request id ae93527932d81bbe
17 verbose etag W/"a38608d2118ca2d1a109e2c53acf5f10"
18 verbose lastModified Sun, 27 May 2018 05:45:57 GMT
19 http request GET https://registry.npmjs.org/jst_compiler
20 http 304 https://registry.npmjs.org/jst_compiler
21 verbose headers { date: 'Fri, 12 Jul 2019 19:28:07 GMT',
21 verbose headers   connection: 'keep-alive',
21 verbose headers   'set-cookie':
21 verbose headers    [ '__cfduid=d61d3edecebc1ae9b5245257df9115ffd1562959687; expires=Sat, 11-Jul-20 19:28:07 GMT; path=/; domain=.npmjs.org; HttpOnly' ],
21 verbose headers   'cf-cache-status': 'REVALIDATED',
21 verbose headers   'cache-control': 'max-age=300',
21 verbose headers   'cf-ray': '4f556b1bdeadd6d9-FRA',
21 verbose headers   etag: '"a38608d2118ca2d1a109e2c53acf5f10"',
21 verbose headers   'expect-ct': 'max-age=604800, report-uri="https://report-uri.cloudflare.com/cdn-cgi/beacon/expect-ct"',
21 verbose headers   'last-modified': 'Sun, 27 May 2018 05:45:57 GMT',
21 verbose headers   vary: 'accept-encoding, accept',
21 verbose headers   server: 'cloudflare' }
22 silly get cb [ 304,
22 silly get   { date: 'Fri, 12 Jul 2019 19:28:07 GMT',
22 silly get     connection: 'keep-alive',
22 silly get     'set-cookie':
22 silly get      [ '__cfduid=d61d3edecebc1ae9b5245257df9115ffd1562959687; expires=Sat, 11-Jul-20 19:28:07 GMT; path=/; domain=.npmjs.org; HttpOnly' ],
22 silly get     'cf-cache-status': 'REVALIDATED',
22 silly get     'cache-control': 'max-age=300',
22 silly get     'cf-ray': '4f556b1bdeadd6d9-FRA',
22 silly get     etag: '"a38608d2118ca2d1a109e2c53acf5f10"',
22 silly get     'expect-ct': 'max-age=604800, report-uri="https://report-uri.cloudflare.com/cdn-cgi/beacon/expect-ct"',
22 silly get     'last-modified': 'Sun, 27 May 2018 05:45:57 GMT',
22 silly get     vary: 'accept-encoding, accept',
22 silly get     server: 'cloudflare' } ]
23 verbose etag https://registry.npmjs.org/jst_compiler from cache
24 verbose get saving jst_compiler to /home/ars/.npm/registry.npmjs.org/jst_compiler/.cache.json
25 silly install normalizeTree
26 silly loadCurrentTree Finishing
27 silly loadIdealTree Starting
28 silly install loadIdealTree
29 silly cloneCurrentTree Starting
30 silly install cloneCurrentTreeToIdealTree
31 silly cloneCurrentTree Finishing
32 silly loadShrinkwrap Starting
33 silly install loadShrinkwrap
34 silly loadShrinkwrap Finishing
35 silly loadAllDepsIntoIdealTree Starting
36 silly install loadAllDepsIntoIdealTree
37 silly resolveWithNewModule jst_compiler@3.0.1 checking installable status
38 silly cache add args [ 'jst_compiler', null ]
39 verbose cache add spec jst_compiler
40 silly cache add parsed spec Result {
40 silly cache add   raw: 'jst_compiler',
40 silly cache add   scope: null,
40 silly cache add   name: 'jst_compiler',
40 silly cache add   rawSpec: '',
40 silly cache add   spec: 'latest',
40 silly cache add   type: 'tag' }
41 silly addNamed jst_compiler@latest
42 verbose addNamed "latest" is being treated as a dist-tag for jst_compiler
43 info addNameTag [ 'jst_compiler', 'latest' ]
44 silly mapToRegistry name jst_compiler
45 silly mapToRegistry using default registry
46 silly mapToRegistry registry https://registry.npmjs.org/
47 silly mapToRegistry uri https://registry.npmjs.org/jst_compiler
48 verbose addNameTag registry:https://registry.npmjs.org/jst_compiler not in flight; fetching
49 verbose get https://registry.npmjs.org/jst_compiler not expired, no request
50 silly addNameTag next cb for jst_compiler with tag latest
51 silly addNamed jst_compiler@3.0.1
52 verbose addNamed "3.0.1" is a plain semver version for jst_compiler
53 silly cache afterAdd jst_compiler@3.0.1
54 verbose afterAdd /home/ars/.npm/jst_compiler/3.0.1/package/package.json not in flight; writing
55 verbose afterAdd /home/ars/.npm/jst_compiler/3.0.1/package/package.json written
56 silly fetchNamedPackageData chalk
57 silly mapToRegistry name chalk
58 silly mapToRegistry using default registry
59 silly mapToRegistry registry https://registry.npmjs.org/
60 silly mapToRegistry uri https://registry.npmjs.org/chalk
61 silly fetchNamedPackageData commander
62 silly mapToRegistry name commander
63 silly mapToRegistry using default registry
64 silly mapToRegistry registry https://registry.npmjs.org/
65 silly mapToRegistry uri https://registry.npmjs.org/commander
66 verbose request uri https://registry.npmjs.org/chalk
67 verbose request no auth needed
68 info attempt registry request try #1 at 22:28:08
69 verbose etag W/"57b0c57e0f1946126bd3a7061ddf30b7"
70 verbose lastModified Tue, 30 Apr 2019 02:24:40 GMT
71 http request GET https://registry.npmjs.org/chalk
72 verbose request uri https://registry.npmjs.org/commander
73 verbose request no auth needed
74 info attempt registry request try #1 at 22:28:08
75 verbose etag W/"fa5a9ce5b1973c60a0ad7624a1264cfd"
76 verbose lastModified Tue, 11 Jun 2019 11:25:43 GMT
77 http request GET https://registry.npmjs.org/commander
78 http 304 https://registry.npmjs.org/chalk
79 verbose headers { date: 'Fri, 12 Jul 2019 19:28:08 GMT',
79 verbose headers   connection: 'keep-alive',
79 verbose headers   'set-cookie':
79 verbose headers    [ '__cfduid=d671a5431245b07298372b8edd77fa71c1562959688; expires=Sat, 11-Jul-20 19:28:08 GMT; path=/; domain=.npmjs.org; HttpOnly' ],
79 verbose headers   'cf-cache-status': 'HIT',
79 verbose headers   'cache-control': 'max-age=300',
79 verbose headers   'cf-ray': '4f556b22af70d6d9-FRA',
79 verbose headers   age: '6155',
79 verbose headers   etag: '"57b0c57e0f1946126bd3a7061ddf30b7"',
79 verbose headers   'expect-ct': 'max-age=604800, report-uri="https://report-uri.cloudflare.com/cdn-cgi/beacon/expect-ct"',
79 verbose headers   'last-modified': 'Tue, 30 Apr 2019 02:24:40 GMT',
79 verbose headers   vary: 'accept-encoding, accept',
79 verbose headers   'x-amz-meta-rev': '1138-32ba671323684c7d50db04a12f6886c4',
79 verbose headers   server: 'cloudflare' }
80 silly get cb [ 304,
80 silly get   { date: 'Fri, 12 Jul 2019 19:28:08 GMT',
80 silly get     connection: 'keep-alive',
80 silly get     'set-cookie':
80 silly get      [ '__cfduid=d671a5431245b07298372b8edd77fa71c1562959688; expires=Sat, 11-Jul-20 19:28:08 GMT; path=/; domain=.npmjs.org; HttpOnly' ],
80 silly get     'cf-cache-status': 'HIT',
80 silly get     'cache-control': 'max-age=300',
80 silly get     'cf-ray': '4f556b22af70d6d9-FRA',
80 silly get     age: '6155',
80 silly get     etag: '"57b0c57e0f1946126bd3a7061ddf30b7"',
80 silly get     'expect-ct': 'max-age=604800, report-uri="https://report-uri.cloudflare.com/cdn-cgi/beacon/expect-ct"',
80 silly get     'last-modified': 'Tue, 30 Apr 2019 02:24:40 GMT',
80 silly get     vary: 'accept-encoding, accept',
80 silly get     'x-amz-meta-rev': '1138-32ba671323684c7d50db04a12f6886c4',
80 silly get     server: 'cloudflare' } ]
81 verbose etag https://registry.npmjs.org/chalk from cache
82 verbose get saving chalk to /home/ars/.npm/registry.npmjs.org/chalk/.cache.json
83 silly resolveWithNewModule chalk@1.1.3 checking installable status
84 silly cache add args [ 'chalk@^1.1.3', null ]
85 verbose cache add spec chalk@^1.1.3
86 silly cache add parsed spec Result {
86 silly cache add   raw: 'chalk@^1.1.3',
86 silly cache add   scope: null,
86 silly cache add   name: 'chalk',
86 silly cache add   rawSpec: '^1.1.3',
86 silly cache add   spec: '>=1.1.3 <2.0.0',
86 silly cache add   type: 'range' }
87 silly addNamed chalk@>=1.1.3 <2.0.0
88 verbose addNamed ">=1.1.3 <2.0.0" is a valid semver range for chalk
89 silly addNameRange { name: 'chalk', range: '>=1.1.3 <2.0.0', hasData: false }
90 silly mapToRegistry name chalk
91 silly mapToRegistry using default registry
92 silly mapToRegistry registry https://registry.npmjs.org/
93 silly mapToRegistry uri https://registry.npmjs.org/chalk
94 verbose addNameRange registry:https://registry.npmjs.org/chalk not in flight; fetching
95 verbose get https://registry.npmjs.org/chalk not expired, no request
96 silly addNameRange number 2 { name: 'chalk', range: '>=1.1.3 <2.0.0', hasData: true }
97 silly addNameRange versions [ 'chalk',
97 silly addNameRange   [ '0.1.0',
97 silly addNameRange     '0.1.1',
97 silly addNameRange     '0.2.0',
97 silly addNameRange     '0.2.1',
97 silly addNameRange     '0.3.0',
97 silly addNameRange     '0.4.0',
97 silly addNameRange     '0.5.0',
97 silly addNameRange     '0.5.1',
97 silly addNameRange     '1.0.0',
97 silly addNameRange     '1.1.0',
97 silly addNameRange     '1.1.1',
97 silly addNameRange     '1.1.2',
97 silly addNameRange     '1.1.3',
97 silly addNameRange     '2.0.0',
97 silly addNameRange     '2.0.1',
97 silly addNameRange     '2.1.0',
97 silly addNameRange     '2.2.0',
97 silly addNameRange     '2.2.2',
97 silly addNameRange     '2.3.0',
97 silly addNameRange     '2.3.1',
97 silly addNameRange     '2.3.2',
97 silly addNameRange     '2.4.0',
97 silly addNameRange     '2.4.1',
97 silly addNameRange     '2.4.2' ] ]
98 silly addNamed chalk@1.1.3
99 verbose addNamed "1.1.3" is a plain semver version for chalk
100 silly cache afterAdd chalk@1.1.3
101 verbose afterAdd /home/ars/.npm/chalk/1.1.3/package/package.json not in flight; writing
102 verbose afterAdd /home/ars/.npm/chalk/1.1.3/package/package.json written
103 http 200 https://registry.npmjs.org/commander
104 verbose headers { date: 'Fri, 12 Jul 2019 19:28:08 GMT',
104 verbose headers   'content-type': 'application/json',
104 verbose headers   'transfer-encoding': 'chunked',
104 verbose headers   connection: 'keep-alive',
104 verbose headers   'set-cookie':
104 verbose headers    [ '__cfduid=dda9e4646bbbae10b859b4fe84052b06c1562959688; expires=Sat, 11-Jul-20 19:28:08 GMT; path=/; domain=.npmjs.org; HttpOnly' ],
104 verbose headers   'cf-cache-status': 'HIT',
104 verbose headers   'cache-control': 'max-age=300',
104 verbose headers   'cf-ray': '4f556b24599164c1-FRA',
104 verbose headers   age: '6090',
104 verbose headers   etag: 'W/"03a1ffb598eec09a2f36bc1c07efaa9e"',
104 verbose headers   'expect-ct': 'max-age=604800, report-uri="https://report-uri.cloudflare.com/cdn-cgi/beacon/expect-ct"',
104 verbose headers   'last-modified': 'Thu, 04 Jul 2019 09:32:05 GMT',
104 verbose headers   vary: 'accept-encoding, accept',
104 verbose headers   'x-amz-meta-rev': '1324-e6b5b7acadb84d1565b00281cd3efff0',
104 verbose headers   server: 'cloudflare',
104 verbose headers   'content-encoding': 'gzip' }
105 silly get cb [ 200,
105 silly get   { date: 'Fri, 12 Jul 2019 19:28:08 GMT',
105 silly get     'content-type': 'application/json',
105 silly get     'transfer-encoding': 'chunked',
105 silly get     connection: 'keep-alive',
105 silly get     'set-cookie':
105 silly get      [ '__cfduid=dda9e4646bbbae10b859b4fe84052b06c1562959688; expires=Sat, 11-Jul-20 19:28:08 GMT; path=/; domain=.npmjs.org; HttpOnly' ],
105 silly get     'cf-cache-status': 'HIT',
105 silly get     'cache-control': 'max-age=300',
105 silly get     'cf-ray': '4f556b24599164c1-FRA',
105 silly get     age: '6090',
105 silly get     etag: 'W/"03a1ffb598eec09a2f36bc1c07efaa9e"',
105 silly get     'expect-ct': 'max-age=604800, report-uri="https://report-uri.cloudflare.com/cdn-cgi/beacon/expect-ct"',
105 silly get     'last-modified': 'Thu, 04 Jul 2019 09:32:05 GMT',
105 silly get     vary: 'accept-encoding, accept',
105 silly get     'x-amz-meta-rev': '1324-e6b5b7acadb84d1565b00281cd3efff0',
105 silly get     server: 'cloudflare',
105 silly get     'content-encoding': 'gzip' } ]
106 verbose get saving commander to /home/ars/.npm/registry.npmjs.org/commander/.cache.json
107 silly resolveWithNewModule commander@2.9.0 checking installable status
108 silly cache add args [ 'commander@2.9.x', null ]
109 verbose cache add spec commander@2.9.x
110 silly cache add parsed spec Result {
110 silly cache add   raw: 'commander@2.9.x',
110 silly cache add   scope: null,
110 silly cache add   name: 'commander',
110 silly cache add   rawSpec: '2.9.x',
110 silly cache add   spec: '>=2.9.0 <2.10.0',
110 silly cache add   type: 'range' }
111 silly addNamed commander@>=2.9.0 <2.10.0
112 verbose addNamed ">=2.9.0 <2.10.0" is a valid semver range for commander
113 silly addNameRange { name: 'commander', range: '>=2.9.0 <2.10.0', hasData: false }
114 silly mapToRegistry name commander
115 silly mapToRegistry using default registry
116 silly mapToRegistry registry https://registry.npmjs.org/
117 silly mapToRegistry uri https://registry.npmjs.org/commander
118 verbose addNameRange registry:https://registry.npmjs.org/commander not in flight; fetching
119 verbose get https://registry.npmjs.org/commander not expired, no request
120 silly addNameRange number 2 { name: 'commander', range: '>=2.9.0 <2.10.0', hasData: true }
121 silly addNameRange versions [ 'commander',
121 silly addNameRange   [ '0.0.1',
121 silly addNameRange     '0.0.3',
121 silly addNameRange     '0.0.4',
121 silly addNameRange     '0.0.5',
121 silly addNameRange     '0.1.0',
121 silly addNameRange     '0.2.0',
121 silly addNameRange     '0.2.1',
121 silly addNameRange     '0.3.0',
121 silly addNameRange     '0.3.1',
121 silly addNameRange     '0.3.2',
121 silly addNameRange     '0.3.3',
121 silly addNameRange     '0.4.0',
121 silly addNameRange     '0.4.1',
121 silly addNameRange     '0.4.2',
121 silly addNameRange     '0.4.3',
121 silly addNameRange     '0.5.0',
121 silly addNameRange     '0.5.1',
121 silly addNameRange     '0.6.0',
121 silly addNameRange     '0.6.1',
121 silly addNameRange     '0.5.2',
121 silly addNameRange     '1.0.0',
121 silly addNameRange     '1.0.1',
121 silly addNameRange     '1.0.2',
121 silly addNameRange     '1.0.3',
121 silly addNameRange     '1.0.4',
121 silly addNameRange     '1.0.5',
121 silly addNameRange     '1.1.0',
121 silly addNameRange     '1.1.1',
121 silly addNameRange     '1.2.0',
121 silly addNameRange     '1.3.0',
121 silly addNameRange     '1.3.1',
121 silly addNameRange     '1.3.2',
121 silly addNameRange     '2.0.0',
121 silly addNameRange     '2.1.0',
121 silly addNameRange     '2.2.0',
121 silly addNameRange     '2.3.0',
121 silly addNameRange     '2.4.0',
121 silly addNameRange     '2.5.0',
121 silly addNameRange     '2.5.1',
121 silly addNameRange     '2.6.0',
121 silly addNameRange     '2.7.0',
121 silly addNameRange     '2.7.1',
121 silly addNameRange     '2.8.0',
121 silly addNameRange     '2.8.1',
121 silly addNameRange     '2.9.0',
121 silly addNameRange     '2.10.0',
121 silly addNameRange     '2.11.0',
121 silly addNameRange     '2.12.0',
121 silly addNameRange     '2.12.1',
121 silly addNameRange     '2.12.2',
121 silly addNameRange     '2.13.0',
121 silly addNameRange     '2.14.0',
121 silly addNameRange     '2.14.1',
121 silly addNameRange     '2.15.0',
121 silly addNameRange     '2.15.1',
121 silly addNameRange     '2.16.0',
121 silly addNameRange     '2.17.0',
121 silly addNameRange     '2.17.1',
121 silly addNameRange     '2.18.0',
121 silly addNameRange     '2.19.0',
121 silly addNameRange     '2.20.0' ] ]
122 silly addNamed commander@2.9.0
123 verbose addNamed "2.9.0" is a plain semver version for commander
124 silly cache afterAdd commander@2.9.0
125 verbose afterAdd /home/ars/.npm/commander/2.9.0/package/package.json not in flight; writing
126 verbose afterAdd /home/ars/.npm/commander/2.9.0/package/package.json written
127 silly fetchNamedPackageData ansi-styles
128 silly mapToRegistry name ansi-styles
129 silly mapToRegistry using default registry
130 silly mapToRegistry registry https://registry.npmjs.org/
131 silly mapToRegistry uri https://registry.npmjs.org/ansi-styles
132 silly fetchNamedPackageData escape-string-regexp
133 silly mapToRegistry name escape-string-regexp
134 silly mapToRegistry using default registry
135 silly mapToRegistry registry https://registry.npmjs.org/
136 silly mapToRegistry uri https://registry.npmjs.org/escape-string-regexp
137 silly fetchNamedPackageData has-ansi
138 silly mapToRegistry name has-ansi
139 silly mapToRegistry using default registry
140 silly mapToRegistry registry https://registry.npmjs.org/
141 silly mapToRegistry uri https://registry.npmjs.org/has-ansi
142 silly fetchNamedPackageData strip-ansi
143 silly mapToRegistry name strip-ansi
144 silly mapToRegistry using default registry
145 silly mapToRegistry registry https://registry.npmjs.org/
146 silly mapToRegistry uri https://registry.npmjs.org/strip-ansi
147 silly fetchNamedPackageData supports-color
148 silly mapToRegistry name supports-color
149 silly mapToRegistry using default registry
150 silly mapToRegistry registry https://registry.npmjs.org/
151 silly mapToRegistry uri https://registry.npmjs.org/supports-color
152 verbose request uri https://registry.npmjs.org/escape-string-regexp
153 verbose request no auth needed
154 info attempt registry request try #1 at 22:28:08
155 verbose etag W/"5f4e7cfb193a9204c97803a97fefcbc7"
156 verbose lastModified Wed, 17 Apr 2019 07:49:13 GMT
157 http request GET https://registry.npmjs.org/escape-string-regexp
158 verbose request uri https://registry.npmjs.org/ansi-styles
159 verbose request no auth needed
160 info attempt registry request try #1 at 22:28:08
161 verbose etag W/"3fe20a0278aeb10fdc4b1ff3930024a2"
162 verbose lastModified Fri, 31 May 2019 07:09:57 GMT
163 http request GET https://registry.npmjs.org/ansi-styles
164 verbose request uri https://registry.npmjs.org/strip-ansi
165 verbose request no auth needed
166 info attempt registry request try #1 at 22:28:08
167 verbose etag W/"d97deeaeb68c0575581f280b2e0cf430"
168 verbose lastModified Mon, 18 Mar 2019 08:46:22 GMT
169 http request GET https://registry.npmjs.org/strip-ansi
170 verbose request uri https://registry.npmjs.org/has-ansi
171 verbose request no auth needed
172 info attempt registry request try #1 at 22:28:08
173 verbose etag W/"ef120904d83f43a76b79013214c4c872"
174 verbose lastModified Sun, 27 May 2018 03:34:13 GMT
175 http request GET https://registry.npmjs.org/has-ansi
176 verbose request uri https://registry.npmjs.org/supports-color
177 verbose request no auth needed
178 info attempt registry request try #1 at 22:28:08
179 verbose etag W/"3992655a53625774e9a56297ea39a865"
180 verbose lastModified Tue, 11 Jun 2019 17:45:58 GMT
181 http request GET https://registry.npmjs.org/supports-color
182 http 304 https://registry.npmjs.org/ansi-styles
183 verbose headers { date: 'Fri, 12 Jul 2019 19:28:08 GMT',
183 verbose headers   connection: 'keep-alive',
183 verbose headers   'set-cookie':
183 verbose headers    [ '__cfduid=dda9e4646bbbae10b859b4fe84052b06c1562959688; expires=Sat, 11-Jul-20 19:28:08 GMT; path=/; domain=.npmjs.org; HttpOnly' ],
183 verbose headers   'cf-cache-status': 'HIT',
183 verbose headers   'cache-control': 'max-age=300',
183 verbose headers   'cf-ray': '4f556b264bbe64c1-FRA',
183 verbose headers   age: '6144',
183 verbose headers   etag: '"3fe20a0278aeb10fdc4b1ff3930024a2"',
183 verbose headers   'expect-ct': 'max-age=604800, report-uri="https://report-uri.cloudflare.com/cdn-cgi/beacon/expect-ct"',
183 verbose headers   'last-modified': 'Fri, 31 May 2019 07:09:57 GMT',
183 verbose headers   vary: 'accept-encoding, accept',
183 verbose headers   'x-amz-meta-rev': '74-b25f1fa430f5ed319d52fd9a4cbed1ad',
183 verbose headers   server: 'cloudflare' }
184 silly get cb [ 304,
184 silly get   { date: 'Fri, 12 Jul 2019 19:28:08 GMT',
184 silly get     connection: 'keep-alive',
184 silly get     'set-cookie':
184 silly get      [ '__cfduid=dda9e4646bbbae10b859b4fe84052b06c1562959688; expires=Sat, 11-Jul-20 19:28:08 GMT; path=/; domain=.npmjs.org; HttpOnly' ],
184 silly get     'cf-cache-status': 'HIT',
184 silly get     'cache-control': 'max-age=300',
184 silly get     'cf-ray': '4f556b264bbe64c1-FRA',
184 silly get     age: '6144',
184 silly get     etag: '"3fe20a0278aeb10fdc4b1ff3930024a2"',
184 silly get     'expect-ct': 'max-age=604800, report-uri="https://report-uri.cloudflare.com/cdn-cgi/beacon/expect-ct"',
184 silly get     'last-modified': 'Fri, 31 May 2019 07:09:57 GMT',
184 silly get     vary: 'accept-encoding, accept',
184 silly get     'x-amz-meta-rev': '74-b25f1fa430f5ed319d52fd9a4cbed1ad',
184 silly get     server: 'cloudflare' } ]
185 verbose etag https://registry.npmjs.org/ansi-styles from cache
186 verbose get saving ansi-styles to /home/ars/.npm/registry.npmjs.org/ansi-styles/.cache.json
187 http 304 https://registry.npmjs.org/escape-string-regexp
188 verbose headers { date: 'Fri, 12 Jul 2019 19:28:08 GMT',
188 verbose headers   connection: 'keep-alive',
188 verbose headers   'set-cookie':
188 verbose headers    [ '__cfduid=d671a5431245b07298372b8edd77fa71c1562959688; expires=Sat, 11-Jul-20 19:28:08 GMT; path=/; domain=.npmjs.org; HttpOnly' ],
188 verbose headers   'cf-cache-status': 'HIT',
188 verbose headers   'cache-control': 'max-age=300',
188 verbose headers   'cf-ray': '4f556b264c4dd6d9-FRA',
188 verbose headers   age: '6152',
188 verbose headers   etag: '"5f4e7cfb193a9204c97803a97fefcbc7"',
188 verbose headers   'expect-ct': 'max-age=604800, report-uri="https://report-uri.cloudflare.com/cdn-cgi/beacon/expect-ct"',
188 verbose headers   'last-modified': 'Wed, 17 Apr 2019 07:49:13 GMT',
188 verbose headers   vary: 'accept-encoding, accept',
188 verbose headers   'x-amz-meta-rev': '52-947e51e5deccdf80638efda46d978ff7',
188 verbose headers   server: 'cloudflare' }
189 silly get cb [ 304,
189 silly get   { date: 'Fri, 12 Jul 2019 19:28:08 GMT',
189 silly get     connection: 'keep-alive',
189 silly get     'set-cookie':
189 silly get      [ '__cfduid=d671a5431245b07298372b8edd77fa71c1562959688; expires=Sat, 11-Jul-20 19:28:08 GMT; path=/; domain=.npmjs.org; HttpOnly' ],
189 silly get     'cf-cache-status': 'HIT',
189 silly get     'cache-control': 'max-age=300',
189 silly get     'cf-ray': '4f556b264c4dd6d9-FRA',
189 silly get     age: '6152',
189 silly get     etag: '"5f4e7cfb193a9204c97803a97fefcbc7"',
189 silly get     'expect-ct': 'max-age=604800, report-uri="https://report-uri.cloudflare.com/cdn-cgi/beacon/expect-ct"',
189 silly get     'last-modified': 'Wed, 17 Apr 2019 07:49:13 GMT',
189 silly get     vary: 'accept-encoding, accept',
189 silly get     'x-amz-meta-rev': '52-947e51e5deccdf80638efda46d978ff7',
189 silly get     server: 'cloudflare' } ]
190 verbose etag https://registry.npmjs.org/escape-string-regexp from cache
191 verbose get saving escape-string-regexp to /home/ars/.npm/registry.npmjs.org/escape-string-regexp/.cache.json
192 silly resolveWithNewModule ansi-styles@2.2.1 checking installable status
193 silly cache add args [ 'ansi-styles@^2.2.1', null ]
194 verbose cache add spec ansi-styles@^2.2.1
195 silly cache add parsed spec Result {
195 silly cache add   raw: 'ansi-styles@^2.2.1',
195 silly cache add   scope: null,
195 silly cache add   name: 'ansi-styles',
195 silly cache add   rawSpec: '^2.2.1',
195 silly cache add   spec: '>=2.2.1 <3.0.0',
195 silly cache add   type: 'range' }
196 silly addNamed ansi-styles@>=2.2.1 <3.0.0
197 verbose addNamed ">=2.2.1 <3.0.0" is a valid semver range for ansi-styles
198 silly addNameRange { name: 'ansi-styles', range: '>=2.2.1 <3.0.0', hasData: false }
199 silly mapToRegistry name ansi-styles
200 silly mapToRegistry using default registry
201 silly mapToRegistry registry https://registry.npmjs.org/
202 silly mapToRegistry uri https://registry.npmjs.org/ansi-styles
203 verbose addNameRange registry:https://registry.npmjs.org/ansi-styles not in flight; fetching
204 silly resolveWithNewModule escape-string-regexp@1.0.5 checking installable status
205 silly cache add args [ 'escape-string-regexp@^1.0.2', null ]
206 verbose cache add spec escape-string-regexp@^1.0.2
207 silly cache add parsed spec Result {
207 silly cache add   raw: 'escape-string-regexp@^1.0.2',
207 silly cache add   scope: null,
207 silly cache add   name: 'escape-string-regexp',
207 silly cache add   rawSpec: '^1.0.2',
207 silly cache add   spec: '>=1.0.2 <2.0.0',
207 silly cache add   type: 'range' }
208 silly addNamed escape-string-regexp@>=1.0.2 <2.0.0
209 verbose addNamed ">=1.0.2 <2.0.0" is a valid semver range for escape-string-regexp
210 silly addNameRange { name: 'escape-string-regexp',
210 silly addNameRange   range: '>=1.0.2 <2.0.0',
210 silly addNameRange   hasData: false }
211 silly mapToRegistry name escape-string-regexp
212 silly mapToRegistry using default registry
213 silly mapToRegistry registry https://registry.npmjs.org/
214 silly mapToRegistry uri https://registry.npmjs.org/escape-string-regexp
215 verbose addNameRange registry:https://registry.npmjs.org/escape-string-regexp not in flight; fetching
216 verbose get https://registry.npmjs.org/ansi-styles not expired, no request
217 silly addNameRange number 2 { name: 'ansi-styles', range: '>=2.2.1 <3.0.0', hasData: true }
218 silly addNameRange versions [ 'ansi-styles',
218 silly addNameRange   [ '0.1.0',
218 silly addNameRange     '0.1.1',
218 silly addNameRange     '0.1.2',
218 silly addNameRange     '0.2.0',
218 silly addNameRange     '1.0.0',
218 silly addNameRange     '1.1.0',
218 silly addNameRange     '2.0.0',
218 silly addNameRange     '2.0.1',
218 silly addNameRange     '2.1.0',
218 silly addNameRange     '2.2.1',
218 silly addNameRange     '3.0.0',
218 silly addNameRange     '3.1.0',
218 silly addNameRange     '3.2.0',
218 silly addNameRange     '3.2.1',
218 silly addNameRange     '4.0.0' ] ]
219 silly addNamed ansi-styles@2.2.1
220 verbose addNamed "2.2.1" is a plain semver version for ansi-styles
221 verbose get https://registry.npmjs.org/escape-string-regexp not expired, no request
222 silly addNameRange number 2 { name: 'escape-string-regexp',
222 silly addNameRange   range: '>=1.0.2 <2.0.0',
222 silly addNameRange   hasData: true }
223 silly addNameRange versions [ 'escape-string-regexp',
223 silly addNameRange   [ '1.0.0', '1.0.1', '1.0.2', '1.0.3', '1.0.4', '1.0.5', '2.0.0' ] ]
224 silly addNamed escape-string-regexp@1.0.5
225 verbose addNamed "1.0.5" is a plain semver version for escape-string-regexp
226 silly cache afterAdd ansi-styles@2.2.1
227 verbose afterAdd /home/ars/.npm/ansi-styles/2.2.1/package/package.json not in flight; writing
228 silly cache afterAdd escape-string-regexp@1.0.5
229 verbose afterAdd /home/ars/.npm/escape-string-regexp/1.0.5/package/package.json not in flight; writing
230 verbose afterAdd /home/ars/.npm/ansi-styles/2.2.1/package/package.json written
231 verbose afterAdd /home/ars/.npm/escape-string-regexp/1.0.5/package/package.json written
232 http 304 https://registry.npmjs.org/supports-color
233 verbose headers { date: 'Fri, 12 Jul 2019 19:28:08 GMT',
233 verbose headers   connection: 'keep-alive',
233 verbose headers   'set-cookie':
233 verbose headers    [ '__cfduid=d1ba26ed5d330b40e9c67de63ba88542b1562959688; expires=Sat, 11-Jul-20 19:28:08 GMT; path=/; domain=.npmjs.org; HttpOnly' ],
233 verbose headers   'cf-cache-status': 'HIT',
233 verbose headers   'cache-control': 'max-age=300',
233 verbose headers   'cf-ray': '4f556b2808f59abc-FRA',
233 verbose headers   age: '6152',
233 verbose headers   etag: '"3992655a53625774e9a56297ea39a865"',
233 verbose headers   'expect-ct': 'max-age=604800, report-uri="https://report-uri.cloudflare.com/cdn-cgi/beacon/expect-ct"',
233 verbose headers   'last-modified': 'Tue, 11 Jun 2019 17:45:58 GMT',
233 verbose headers   vary: 'accept-encoding, accept',
233 verbose headers   'x-amz-meta-rev': '80-2fc3d4218dfd862608eb86df84586d11',
233 verbose headers   server: 'cloudflare' }
234 silly get cb [ 304,
234 silly get   { date: 'Fri, 12 Jul 2019 19:28:08 GMT',
234 silly get     connection: 'keep-alive',
234 silly get     'set-cookie':
234 silly get      [ '__cfduid=d1ba26ed5d330b40e9c67de63ba88542b1562959688; expires=Sat, 11-Jul-20 19:28:08 GMT; path=/; domain=.npmjs.org; HttpOnly' ],
234 silly get     'cf-cache-status': 'HIT',
234 silly get     'cache-control': 'max-age=300',
234 silly get     'cf-ray': '4f556b2808f59abc-FRA',
234 silly get     age: '6152',
234 silly get     etag: '"3992655a53625774e9a56297ea39a865"',
234 silly get     'expect-ct': 'max-age=604800, report-uri="https://report-uri.cloudflare.com/cdn-cgi/beacon/expect-ct"',
234 silly get     'last-modified': 'Tue, 11 Jun 2019 17:45:58 GMT',
234 silly get     vary: 'accept-encoding, accept',
234 silly get     'x-amz-meta-rev': '80-2fc3d4218dfd862608eb86df84586d11',
234 silly get     server: 'cloudflare' } ]
235 verbose etag https://registry.npmjs.org/supports-color from cache
236 verbose get saving supports-color to /home/ars/.npm/registry.npmjs.org/supports-color/.cache.json
237 silly resolveWithNewModule supports-color@2.0.0 checking installable status
238 silly cache add args [ 'supports-color@^2.0.0', null ]
239 verbose cache add spec supports-color@^2.0.0
240 silly cache add parsed spec Result {
240 silly cache add   raw: 'supports-color@^2.0.0',
240 silly cache add   scope: null,
240 silly cache add   name: 'supports-color',
240 silly cache add   rawSpec: '^2.0.0',
240 silly cache add   spec: '>=2.0.0 <3.0.0',
240 silly cache add   type: 'range' }
241 silly addNamed supports-color@>=2.0.0 <3.0.0
242 verbose addNamed ">=2.0.0 <3.0.0" is a valid semver range for supports-color
243 silly addNameRange { name: 'supports-color',
243 silly addNameRange   range: '>=2.0.0 <3.0.0',
243 silly addNameRange   hasData: false }
244 silly mapToRegistry name supports-color
245 silly mapToRegistry using default registry
246 silly mapToRegistry registry https://registry.npmjs.org/
247 silly mapToRegistry uri https://registry.npmjs.org/supports-color
248 verbose addNameRange registry:https://registry.npmjs.org/supports-color not in flight; fetching
249 verbose get https://registry.npmjs.org/supports-color not expired, no request
250 silly addNameRange number 2 { name: 'supports-color',
250 silly addNameRange   range: '>=2.0.0 <3.0.0',
250 silly addNameRange   hasData: true }
251 silly addNameRange versions [ 'supports-color',
251 silly addNameRange   [ '0.2.0',
251 silly addNameRange     '1.0.0',
251 silly addNameRange     '1.1.0',
251 silly addNameRange     '1.2.0',
251 silly addNameRange     '1.2.1',
251 silly addNameRange     '1.3.0',
251 silly addNameRange     '1.3.1',
251 silly addNameRange     '2.0.0',
251 silly addNameRange     '3.0.0',
251 silly addNameRange     '3.0.1',
251 silly addNameRange     '3.1.0',
251 silly addNameRange     '3.1.1',
251 silly addNameRange     '3.1.2',
251 silly addNameRange     '3.2.0',
251 silly addNameRange     '3.2.1',
251 silly addNameRange     '3.2.2',
251 silly addNameRange     '3.2.3',
251 silly addNameRange     '4.0.0',
251 silly addNameRange     '4.1.0',
251 silly addNameRange     '4.2.0',
251 silly addNameRange     '4.2.1',
251 silly addNameRange     '4.3.0',
251 silly addNameRange     '4.4.0',
251 silly addNameRange     '4.5.0',
251 silly addNameRange     '5.0.0',
251 silly addNameRange     '5.0.1',
251 silly addNameRange     '5.1.0',
251 silly addNameRange     '5.2.0',
251 silly addNameRange     '5.3.0',
251 silly addNameRange     '5.4.0',
251 silly addNameRange     '5.5.0',
251 silly addNameRange     '6.0.0',
251 silly addNameRange     '6.1.0',
251 silly addNameRange     '7.0.0' ] ]
252 silly addNamed supports-color@2.0.0
253 verbose addNamed "2.0.0" is a plain semver version for supports-color
254 http 304 https://registry.npmjs.org/has-ansi
255 verbose headers { date: 'Fri, 12 Jul 2019 19:28:08 GMT',
255 verbose headers   connection: 'keep-alive',
255 verbose headers   'set-cookie':
255 verbose headers    [ '__cfduid=dfc6e6fea0ff4d90977e6b2acd64134b71562959688; expires=Sat, 11-Jul-20 19:28:08 GMT; path=/; domain=.npmjs.org; HttpOnly' ],
255 verbose headers   'cf-cache-status': 'HIT',
255 verbose headers   'cache-control': 'max-age=300',
255 verbose headers   'cf-ray': '4f556b280bbf63fb-FRA',
255 verbose headers   age: '6086',
255 verbose headers   etag: '"ef120904d83f43a76b79013214c4c872"',
255 verbose headers   'expect-ct': 'max-age=604800, report-uri="https://report-uri.cloudflare.com/cdn-cgi/beacon/expect-ct"',
255 verbose headers   'last-modified': 'Sun, 27 May 2018 03:34:13 GMT',
255 verbose headers   vary: 'accept-encoding, accept',
255 verbose headers   server: 'cloudflare' }
256 silly get cb [ 304,
256 silly get   { date: 'Fri, 12 Jul 2019 19:28:08 GMT',
256 silly get     connection: 'keep-alive',
256 silly get     'set-cookie':
256 silly get      [ '__cfduid=dfc6e6fea0ff4d90977e6b2acd64134b71562959688; expires=Sat, 11-Jul-20 19:28:08 GMT; path=/; domain=.npmjs.org; HttpOnly' ],
256 silly get     'cf-cache-status': 'HIT',
256 silly get     'cache-control': 'max-age=300',
256 silly get     'cf-ray': '4f556b280bbf63fb-FRA',
256 silly get     age: '6086',
256 silly get     etag: '"ef120904d83f43a76b79013214c4c872"',
256 silly get     'expect-ct': 'max-age=604800, report-uri="https://report-uri.cloudflare.com/cdn-cgi/beacon/expect-ct"',
256 silly get     'last-modified': 'Sun, 27 May 2018 03:34:13 GMT',
256 silly get     vary: 'accept-encoding, accept',
256 silly get     server: 'cloudflare' } ]
257 verbose etag https://registry.npmjs.org/has-ansi from cache
258 verbose get saving has-ansi to /home/ars/.npm/registry.npmjs.org/has-ansi/.cache.json
259 silly cache afterAdd supports-color@2.0.0
260 verbose afterAdd /home/ars/.npm/supports-color/2.0.0/package/package.json not in flight; writing
261 http 304 https://registry.npmjs.org/strip-ansi
262 verbose headers { date: 'Fri, 12 Jul 2019 19:28:09 GMT',
262 verbose headers   connection: 'keep-alive',
262 verbose headers   'set-cookie':
262 verbose headers    [ '__cfduid=d3d755980ad80f6f6ac37c19cb4c6a3901562959688; expires=Sat, 11-Jul-20 19:28:08 GMT; path=/; domain=.npmjs.org; HttpOnly' ],
262 verbose headers   'cf-cache-status': 'HIT',
262 verbose headers   'cache-control': 'max-age=300',
262 verbose headers   'cf-ray': '4f556b282ee6d715-FRA',
262 verbose headers   age: '6172',
262 verbose headers   etag: '"d97deeaeb68c0575581f280b2e0cf430"',
262 verbose headers   'expect-ct': 'max-age=604800, report-uri="https://report-uri.cloudflare.com/cdn-cgi/beacon/expect-ct"',
262 verbose headers   'last-modified': 'Mon, 18 Mar 2019 08:46:22 GMT',
262 verbose headers   vary: 'accept-encoding, accept',
262 verbose headers   'x-amz-meta-rev': '52-b979f8d36aaff956729abb35711905f8',
262 verbose headers   server: 'cloudflare' }
263 silly get cb [ 304,
263 silly get   { date: 'Fri, 12 Jul 2019 19:28:09 GMT',
263 silly get     connection: 'keep-alive',
263 silly get     'set-cookie':
263 silly get      [ '__cfduid=d3d755980ad80f6f6ac37c19cb4c6a3901562959688; expires=Sat, 11-Jul-20 19:28:08 GMT; path=/; domain=.npmjs.org; HttpOnly' ],
263 silly get     'cf-cache-status': 'HIT',
263 silly get     'cache-control': 'max-age=300',
263 silly get     'cf-ray': '4f556b282ee6d715-FRA',
263 silly get     age: '6172',
263 silly get     etag: '"d97deeaeb68c0575581f280b2e0cf430"',
263 silly get     'expect-ct': 'max-age=604800, report-uri="https://report-uri.cloudflare.com/cdn-cgi/beacon/expect-ct"',
263 silly get     'last-modified': 'Mon, 18 Mar 2019 08:46:22 GMT',
263 silly get     vary: 'accept-encoding, accept',
263 silly get     'x-amz-meta-rev': '52-b979f8d36aaff956729abb35711905f8',
263 silly get     server: 'cloudflare' } ]
264 verbose etag https://registry.npmjs.org/strip-ansi from cache
265 verbose get saving strip-ansi to /home/ars/.npm/registry.npmjs.org/strip-ansi/.cache.json
266 silly resolveWithNewModule has-ansi@2.0.0 checking installable status
267 silly cache add args [ 'has-ansi@^2.0.0', null ]
268 verbose cache add spec has-ansi@^2.0.0
269 silly cache add parsed spec Result {
269 silly cache add   raw: 'has-ansi@^2.0.0',
269 silly cache add   scope: null,
269 silly cache add   name: 'has-ansi',
269 silly cache add   rawSpec: '^2.0.0',
269 silly cache add   spec: '>=2.0.0 <3.0.0',
269 silly cache add   type: 'range' }
270 silly addNamed has-ansi@>=2.0.0 <3.0.0
271 verbose addNamed ">=2.0.0 <3.0.0" is a valid semver range for has-ansi
272 silly addNameRange { name: 'has-ansi', range: '>=2.0.0 <3.0.0', hasData: false }
273 silly mapToRegistry name has-ansi
274 silly mapToRegistry using default registry
275 silly mapToRegistry registry https://registry.npmjs.org/
276 silly mapToRegistry uri https://registry.npmjs.org/has-ansi
277 verbose addNameRange registry:https://registry.npmjs.org/has-ansi not in flight; fetching
278 verbose afterAdd /home/ars/.npm/supports-color/2.0.0/package/package.json written
279 silly resolveWithNewModule strip-ansi@3.0.1 checking installable status
280 silly cache add args [ 'strip-ansi@^3.0.0', null ]
281 verbose cache add spec strip-ansi@^3.0.0
282 silly cache add parsed spec Result {
282 silly cache add   raw: 'strip-ansi@^3.0.0',
282 silly cache add   scope: null,
282 silly cache add   name: 'strip-ansi',
282 silly cache add   rawSpec: '^3.0.0',
282 silly cache add   spec: '>=3.0.0 <4.0.0',
282 silly cache add   type: 'range' }
283 silly addNamed strip-ansi@>=3.0.0 <4.0.0
284 verbose addNamed ">=3.0.0 <4.0.0" is a valid semver range for strip-ansi
285 silly addNameRange { name: 'strip-ansi', range: '>=3.0.0 <4.0.0', hasData: false }
286 silly mapToRegistry name strip-ansi
287 silly mapToRegistry using default registry
288 silly mapToRegistry registry https://registry.npmjs.org/
289 silly mapToRegistry uri https://registry.npmjs.org/strip-ansi
290 verbose addNameRange registry:https://registry.npmjs.org/strip-ansi not in flight; fetching
291 verbose get https://registry.npmjs.org/has-ansi not expired, no request
292 silly addNameRange number 2 { name: 'has-ansi', range: '>=2.0.0 <3.0.0', hasData: true }
293 silly addNameRange versions [ 'has-ansi',
293 silly addNameRange   [ '0.1.0', '1.0.0', '1.0.1', '1.0.2', '1.0.3', '2.0.0', '3.0.0' ] ]
294 silly addNamed has-ansi@2.0.0
295 verbose addNamed "2.0.0" is a plain semver version for has-ansi
296 verbose get https://registry.npmjs.org/strip-ansi not expired, no request
297 silly addNameRange number 2 { name: 'strip-ansi', range: '>=3.0.0 <4.0.0', hasData: true }
298 silly addNameRange versions [ 'strip-ansi',
298 silly addNameRange   [ '0.1.0',
298 silly addNameRange     '0.1.1',
298 silly addNameRange     '0.2.0',
298 silly addNameRange     '0.2.1',
298 silly addNameRange     '0.2.2',
298 silly addNameRange     '0.3.0',
298 silly addNameRange     '1.0.0',
298 silly addNameRange     '2.0.0',
298 silly addNameRange     '2.0.1',
298 silly addNameRange     '3.0.0',
298 silly addNameRange     '3.0.1',
298 silly addNameRange     '4.0.0',
298 silly addNameRange     '5.0.0',
298 silly addNameRange     '5.1.0',
298 silly addNameRange     '5.2.0' ] ]
299 silly addNamed strip-ansi@3.0.1
300 verbose addNamed "3.0.1" is a plain semver version for strip-ansi
301 silly cache afterAdd has-ansi@2.0.0
302 verbose afterAdd /home/ars/.npm/has-ansi/2.0.0/package/package.json not in flight; writing
303 verbose afterAdd /home/ars/.npm/has-ansi/2.0.0/package/package.json written
304 silly cache afterAdd strip-ansi@3.0.1
305 verbose afterAdd /home/ars/.npm/strip-ansi/3.0.1/package/package.json not in flight; writing
306 verbose afterAdd /home/ars/.npm/strip-ansi/3.0.1/package/package.json written
307 silly fetchNamedPackageData ansi-regex
308 silly mapToRegistry name ansi-regex
309 silly mapToRegistry using default registry
310 silly mapToRegistry registry https://registry.npmjs.org/
311 silly mapToRegistry uri https://registry.npmjs.org/ansi-regex
312 verbose request uri https://registry.npmjs.org/ansi-regex
313 verbose request no auth needed
314 info attempt registry request try #1 at 22:28:09
315 verbose etag W/"78973c60aa5489bd1dfb29ef73a0a5be"
316 verbose lastModified Fri, 08 Mar 2019 06:14:44 GMT
317 http request GET https://registry.npmjs.org/ansi-regex
318 http 304 https://registry.npmjs.org/ansi-regex
319 verbose headers { date: 'Fri, 12 Jul 2019 19:28:09 GMT',
319 verbose headers   connection: 'keep-alive',
319 verbose headers   'set-cookie':
319 verbose headers    [ '__cfduid=d208102eb39360972135ab39e9e662d651562959689; expires=Sat, 11-Jul-20 19:28:09 GMT; path=/; domain=.npmjs.org; HttpOnly' ],
319 verbose headers   'cf-cache-status': 'HIT',
319 verbose headers   'cache-control': 'max-age=300',
319 verbose headers   'cf-ray': '4f556b29bf5964c1-FRA',
319 verbose headers   age: '6143',
319 verbose headers   etag: '"78973c60aa5489bd1dfb29ef73a0a5be"',
319 verbose headers   'expect-ct': 'max-age=604800, report-uri="https://report-uri.cloudflare.com/cdn-cgi/beacon/expect-ct"',
319 verbose headers   'last-modified': 'Fri, 08 Mar 2019 06:14:44 GMT',
319 verbose headers   vary: 'accept-encoding, accept',
319 verbose headers   'x-amz-meta-rev': '45-3985180fa327f59d87cfeaa4818b8cc7',
319 verbose headers   server: 'cloudflare' }
320 silly get cb [ 304,
320 silly get   { date: 'Fri, 12 Jul 2019 19:28:09 GMT',
320 silly get     connection: 'keep-alive',
320 silly get     'set-cookie':
320 silly get      [ '__cfduid=d208102eb39360972135ab39e9e662d651562959689; expires=Sat, 11-Jul-20 19:28:09 GMT; path=/; domain=.npmjs.org; HttpOnly' ],
320 silly get     'cf-cache-status': 'HIT',
320 silly get     'cache-control': 'max-age=300',
320 silly get     'cf-ray': '4f556b29bf5964c1-FRA',
320 silly get     age: '6143',
320 silly get     etag: '"78973c60aa5489bd1dfb29ef73a0a5be"',
320 silly get     'expect-ct': 'max-age=604800, report-uri="https://report-uri.cloudflare.com/cdn-cgi/beacon/expect-ct"',
320 silly get     'last-modified': 'Fri, 08 Mar 2019 06:14:44 GMT',
320 silly get     vary: 'accept-encoding, accept',
320 silly get     'x-amz-meta-rev': '45-3985180fa327f59d87cfeaa4818b8cc7',
320 silly get     server: 'cloudflare' } ]
321 verbose etag https://registry.npmjs.org/ansi-regex from cache
322 verbose get saving ansi-regex to /home/ars/.npm/registry.npmjs.org/ansi-regex/.cache.json
323 silly resolveWithNewModule ansi-regex@2.1.1 checking installable status
324 silly cache add args [ 'ansi-regex@^2.0.0', null ]
325 verbose cache add spec ansi-regex@^2.0.0
326 silly cache add parsed spec Result {
326 silly cache add   raw: 'ansi-regex@^2.0.0',
326 silly cache add   scope: null,
326 silly cache add   name: 'ansi-regex',
326 silly cache add   rawSpec: '^2.0.0',
326 silly cache add   spec: '>=2.0.0 <3.0.0',
326 silly cache add   type: 'range' }
327 silly addNamed ansi-regex@>=2.0.0 <3.0.0
328 verbose addNamed ">=2.0.0 <3.0.0" is a valid semver range for ansi-regex
329 silly addNameRange { name: 'ansi-regex', range: '>=2.0.0 <3.0.0', hasData: false }
330 silly mapToRegistry name ansi-regex
331 silly mapToRegistry using default registry
332 silly mapToRegistry registry https://registry.npmjs.org/
333 silly mapToRegistry uri https://registry.npmjs.org/ansi-regex
334 verbose addNameRange registry:https://registry.npmjs.org/ansi-regex not in flight; fetching
335 verbose get https://registry.npmjs.org/ansi-regex not expired, no request
336 silly addNameRange number 2 { name: 'ansi-regex', range: '>=2.0.0 <3.0.0', hasData: true }
337 silly addNameRange versions [ 'ansi-regex',
337 silly addNameRange   [ '0.1.0',
337 silly addNameRange     '0.2.0',
337 silly addNameRange     '0.2.1',
337 silly addNameRange     '1.0.0',
337 silly addNameRange     '1.1.0',
337 silly addNameRange     '1.1.1',
337 silly addNameRange     '2.0.0',
337 silly addNameRange     '2.1.1',
337 silly addNameRange     '3.0.0',
337 silly addNameRange     '4.0.0',
337 silly addNameRange     '4.1.0' ] ]
338 silly addNamed ansi-regex@2.1.1
339 verbose addNamed "2.1.1" is a plain semver version for ansi-regex
340 silly cache afterAdd ansi-regex@2.1.1
341 verbose afterAdd /home/ars/.npm/ansi-regex/2.1.1/package/package.json not in flight; writing
342 verbose afterAdd /home/ars/.npm/ansi-regex/2.1.1/package/package.json written
343 silly fetchNamedPackageData graceful-readlink
344 silly mapToRegistry name graceful-readlink
345 silly mapToRegistry using default registry
346 silly mapToRegistry registry https://registry.npmjs.org/
347 silly mapToRegistry uri https://registry.npmjs.org/graceful-readlink
348 verbose request uri https://registry.npmjs.org/graceful-readlink
349 verbose request no auth needed
350 info attempt registry request try #1 at 22:28:09
351 verbose etag W/"7e1aa4591615c6775d58881e2119bb1b"
352 verbose lastModified Sun, 27 May 2018 02:39:28 GMT
353 http request GET https://registry.npmjs.org/graceful-readlink
354 http 304 https://registry.npmjs.org/graceful-readlink
355 verbose headers { date: 'Fri, 12 Jul 2019 19:28:09 GMT',
355 verbose headers   connection: 'keep-alive',
355 verbose headers   'set-cookie':
355 verbose headers    [ '__cfduid=dab7da4801bf88f03fdfd4212cc499f151562959689; expires=Sat, 11-Jul-20 19:28:09 GMT; path=/; domain=.npmjs.org; HttpOnly' ],
355 verbose headers   'cf-cache-status': 'HIT',
355 verbose headers   'cache-control': 'max-age=300',
355 verbose headers   'cf-ray': '4f556b2acb49d6d9-FRA',
355 verbose headers   age: '5454',
355 verbose headers   etag: '"7e1aa4591615c6775d58881e2119bb1b"',
355 verbose headers   'expect-ct': 'max-age=604800, report-uri="https://report-uri.cloudflare.com/cdn-cgi/beacon/expect-ct"',
355 verbose headers   'last-modified': 'Sun, 27 May 2018 02:39:28 GMT',
355 verbose headers   vary: 'accept-encoding, accept',
355 verbose headers   server: 'cloudflare' }
356 silly get cb [ 304,
356 silly get   { date: 'Fri, 12 Jul 2019 19:28:09 GMT',
356 silly get     connection: 'keep-alive',
356 silly get     'set-cookie':
356 silly get      [ '__cfduid=dab7da4801bf88f03fdfd4212cc499f151562959689; expires=Sat, 11-Jul-20 19:28:09 GMT; path=/; domain=.npmjs.org; HttpOnly' ],
356 silly get     'cf-cache-status': 'HIT',
356 silly get     'cache-control': 'max-age=300',
356 silly get     'cf-ray': '4f556b2acb49d6d9-FRA',
356 silly get     age: '5454',
356 silly get     etag: '"7e1aa4591615c6775d58881e2119bb1b"',
356 silly get     'expect-ct': 'max-age=604800, report-uri="https://report-uri.cloudflare.com/cdn-cgi/beacon/expect-ct"',
356 silly get     'last-modified': 'Sun, 27 May 2018 02:39:28 GMT',
356 silly get     vary: 'accept-encoding, accept',
356 silly get     server: 'cloudflare' } ]
357 verbose etag https://registry.npmjs.org/graceful-readlink from cache
358 verbose get saving graceful-readlink to /home/ars/.npm/registry.npmjs.org/graceful-readlink/.cache.json
359 silly resolveWithNewModule graceful-readlink@1.0.1 checking installable status
360 silly cache add args [ 'graceful-readlink@>= 1.0.0', null ]
361 verbose cache add spec graceful-readlink@>= 1.0.0
362 silly cache add parsed spec Result {
362 silly cache add   raw: 'graceful-readlink@>= 1.0.0',
362 silly cache add   scope: null,
362 silly cache add   name: 'graceful-readlink',
362 silly cache add   rawSpec: '>= 1.0.0',
362 silly cache add   spec: '>=1.0.0',
362 silly cache add   type: 'range' }
363 silly addNamed graceful-readlink@>=1.0.0
364 verbose addNamed ">=1.0.0" is a valid semver range for graceful-readlink
365 silly addNameRange { name: 'graceful-readlink', range: '>=1.0.0', hasData: false }
366 silly mapToRegistry name graceful-readlink
367 silly mapToRegistry using default registry
368 silly mapToRegistry registry https://registry.npmjs.org/
369 silly mapToRegistry uri https://registry.npmjs.org/graceful-readlink
370 verbose addNameRange registry:https://registry.npmjs.org/graceful-readlink not in flight; fetching
371 verbose get https://registry.npmjs.org/graceful-readlink not expired, no request
372 silly addNameRange number 2 { name: 'graceful-readlink', range: '>=1.0.0', hasData: true }
373 silly addNameRange versions [ 'graceful-readlink', [ '1.0.0', '1.0.1' ] ]
374 silly addNamed graceful-readlink@1.0.1
375 verbose addNamed "1.0.1" is a plain semver version for graceful-readlink
376 silly cache afterAdd graceful-readlink@1.0.1
377 verbose afterAdd /home/ars/.npm/graceful-readlink/1.0.1/package/package.json not in flight; writing
378 verbose afterAdd /home/ars/.npm/graceful-readlink/1.0.1/package/package.json written
379 silly loadAllDepsIntoIdealTree Finishing
380 silly idealTree:prePrune lib
380 silly idealTree:prePrune └─┬ jst_compiler@3.0.1
380 silly idealTree:prePrune   ├── ansi-regex@2.1.1
380 silly idealTree:prePrune   ├── ansi-styles@2.2.1
380 silly idealTree:prePrune   ├── chalk@1.1.3
380 silly idealTree:prePrune   ├── commander@2.9.0
380 silly idealTree:prePrune   ├── escape-string-regexp@1.0.5
380 silly idealTree:prePrune   ├── graceful-readlink@1.0.1
380 silly idealTree:prePrune   ├── has-ansi@2.0.0
380 silly idealTree:prePrune   ├── strip-ansi@3.0.1
380 silly idealTree:prePrune   └── supports-color@2.0.0
381 silly loadIdealTree Finishing
382 silly currentTree lib
382 silly currentTree └─┬ jst_compiler@3.0.1
382 silly currentTree   ├── ansi-regex@2.1.1
382 silly currentTree   ├── ansi-styles@2.2.1
382 silly currentTree   ├── chalk@1.1.3
382 silly currentTree   ├── commander@2.9.0
382 silly currentTree   ├── escape-string-regexp@1.0.5
382 silly currentTree   ├── graceful-readlink@1.0.1
382 silly currentTree   ├── has-ansi@2.0.0
382 silly currentTree   ├── strip-ansi@3.0.1
382 silly currentTree   └── supports-color@2.0.0
383 silly idealTree lib
383 silly idealTree └─┬ jst_compiler@3.0.1
383 silly idealTree   ├── ansi-regex@2.1.1
383 silly idealTree   ├── ansi-styles@2.2.1
383 silly idealTree   ├── chalk@1.1.3
383 silly idealTree   ├── commander@2.9.0
383 silly idealTree   ├── escape-string-regexp@1.0.5
383 silly idealTree   ├── graceful-readlink@1.0.1
383 silly idealTree   ├── has-ansi@2.0.0
383 silly idealTree   ├── strip-ansi@3.0.1
383 silly idealTree   └── supports-color@2.0.0
384 silly generateActionsToTake Starting
385 silly install generateActionsToTake
386 warn checkPermissions Missing write access to /usr/local/lib/node_modules/jst_compiler
387 warn checkPermissions Missing write access to /usr/local/lib/node_modules
388 silly rollbackFailedOptional Starting
389 silly rollbackFailedOptional Finishing
390 silly runTopLevelLifecycles Starting
391 silly runTopLevelLifecycles Finishing
392 silly install printInstalled
393 verbose stack Error: EACCES: permission denied, access '/usr/local/lib/node_modules/jst_compiler'
394 verbose cwd /home/ars/RubyProjects/InternTasks/SecondTask
395 error Linux 4.15.0-54-generic
396 error argv "/usr/bin/node" "/usr/bin/npm" "install" "jst_compiler" "-g"
397 error node v8.10.0
398 error npm  v3.5.2
399 error path /usr/local/lib/node_modules/jst_compiler
400 error code EACCES
401 error errno -13
402 error syscall access
403 error Error: EACCES: permission denied, access '/usr/local/lib/node_modules/jst_compiler'
403 error  { Error: EACCES: permission denied, access '/usr/local/lib/node_modules/jst_compiler'
403 error   errno: -13,
403 error   code: 'EACCES',
403 error   syscall: 'access',
403 error   path: '/usr/local/lib/node_modules/jst_compiler' }
404 error Please try running this command again as root/Administrator.
405 verbose exit [ -13, true ]
